<?xml version="1.0" encoding="UTF-8"?>
<testsuite xmlns:xsi="http://www.w3.org/2001/XMLSchema-instance" xsi:noNamespaceSchemaLocation="https://maven.apache.org/surefire/maven-surefire-plugin/xsd/surefire-test-report.xsd" name="com.gioviok.AppTest" time="0.07" tests="23" errors="0" skipped="0" failures="0">
  <properties>
    <property name="java.specification.version" value="16"/>
    <property name="sun.cpu.isalist" value="amd64"/>
    <property name="sun.jnu.encoding" value="Cp1252"/>
    <property name="java.class.path" value="C:\Users\Gioviok\Desktop\elevator\progetto\elevator\target\test-classes;C:\Users\Gioviok\Desktop\elevator\progetto\elevator\target\classes;C:\Users\Gioviok\.m2\repository\junit\junit\4.11\junit-4.11.jar;C:\Users\Gioviok\.m2\repository\org\hamcrest\hamcrest-core\1.3\hamcrest-core-1.3.jar;C:\Users\Gioviok\.m2\repository\org\mockito\mockito-core\3.3.3\mockito-core-3.3.3.jar;C:\Users\Gioviok\.m2\repository\net\bytebuddy\byte-buddy\1.10.5\byte-buddy-1.10.5.jar;C:\Users\Gioviok\.m2\repository\net\bytebuddy\byte-buddy-agent\1.10.5\byte-buddy-agent-1.10.5.jar;C:\Users\Gioviok\.m2\repository\org\objenesis\objenesis\2.6\objenesis-2.6.jar;"/>
    <property name="java.vm.vendor" value="Oracle Corporation"/>
    <property name="sun.arch.data.model" value="64"/>
    <property name="user.variant" value=""/>
    <property name="java.vendor.url" value="https://java.oracle.com/"/>
    <property name="user.timezone" value="Europe/Rome"/>
    <property name="os.name" value="Windows 10"/>
    <property name="java.vm.specification.version" value="16"/>
    <property name="sun.java.launcher" value="SUN_STANDARD"/>
    <property name="user.country" value="IT"/>
    <property name="sun.boot.library.path" value="C:\Program Files\Java\jdk-16.0.2\bin"/>
    <property name="sun.java.command" value="C:\Users\Gioviok\AppData\Local\Temp\surefire11810475223455700150\surefirebooter4130880700795865819.jar C:\Users\Gioviok\AppData\Local\Temp\surefire11810475223455700150 2022-06-28T19-44-22_356-jvmRun1 surefire6891806728766903436tmp surefire_0676403648549354571tmp"/>
    <property name="jdk.debug" value="release"/>
    <property name="surefire.test.class.path" value="C:\Users\Gioviok\Desktop\elevator\progetto\elevator\target\test-classes;C:\Users\Gioviok\Desktop\elevator\progetto\elevator\target\classes;C:\Users\Gioviok\.m2\repository\junit\junit\4.11\junit-4.11.jar;C:\Users\Gioviok\.m2\repository\org\hamcrest\hamcrest-core\1.3\hamcrest-core-1.3.jar;C:\Users\Gioviok\.m2\repository\org\mockito\mockito-core\3.3.3\mockito-core-3.3.3.jar;C:\Users\Gioviok\.m2\repository\net\bytebuddy\byte-buddy\1.10.5\byte-buddy-1.10.5.jar;C:\Users\Gioviok\.m2\repository\net\bytebuddy\byte-buddy-agent\1.10.5\byte-buddy-agent-1.10.5.jar;C:\Users\Gioviok\.m2\repository\org\objenesis\objenesis\2.6\objenesis-2.6.jar;"/>
    <property name="sun.cpu.endian" value="little"/>
    <property name="user.home" value="C:\Users\Gioviok"/>
    <property name="user.language" value="it"/>
    <property name="java.specification.vendor" value="Oracle Corporation"/>
    <property name="java.version.date" value="2021-07-20"/>
    <property name="java.home" value="C:\Program Files\Java\jdk-16.0.2"/>
    <property name="file.separator" value="\"/>
    <property name="basedir" value="C:\Users\Gioviok\Desktop\elevator\progetto\elevator"/>
    <property name="java.vm.compressedOopsMode" value="Zero based"/>
    <property name="line.separator" value="&#10;"/>
    <property name="java.vm.specification.vendor" value="Oracle Corporation"/>
    <property name="java.specification.name" value="Java Platform API Specification"/>
    <property name="surefire.real.class.path" value="C:\Users\Gioviok\AppData\Local\Temp\surefire11810475223455700150\surefirebooter4130880700795865819.jar"/>
    <property name="user.script" value=""/>
    <property name="sun.management.compiler" value="HotSpot 64-Bit Tiered Compilers"/>
    <property name="java.runtime.version" value="16.0.2+7-67"/>
    <property name="user.name" value="Gioviok"/>
    <property name="path.separator" value=";"/>
    <property name="os.version" value="10.0"/>
    <property name="java.runtime.name" value="Java(TM) SE Runtime Environment"/>
    <property name="file.encoding" value="Cp1252"/>
    <property name="java.vm.name" value="Java HotSpot(TM) 64-Bit Server VM"/>
    <property name="localRepository" value="C:\Users\Gioviok\.m2\repository"/>
    <property name="java.vendor.url.bug" value="https://bugreport.java.com/bugreport/"/>
    <property name="java.io.tmpdir" value="C:\Users\Gioviok\AppData\Local\Temp\"/>
    <property name="java.version" value="16.0.2"/>
    <property name="user.dir" value="C:\Users\Gioviok\Desktop\elevator\progetto\elevator"/>
    <property name="os.arch" value="amd64"/>
    <property name="java.vm.specification.name" value="Java Virtual Machine Specification"/>
    <property name="sun.os.patch.level" value=""/>
    <property name="java.library.path" value="C:\Program Files\Java\jdk-16.0.2\bin;C:\Windows\Sun\Java\bin;C:\Windows\system32;C:\Windows;C:\Program Files\NVIDIA GPU Computing Toolkit\CUDA\v11.4\bin;C:\Program Files\NVIDIA GPU Computing Toolkit\CUDA\v11.4\libnvvp;C:\Program Files\Common Files\Oracle\Java\javapath;C:\Program Files\NVIDIA GPU Computing Toolkit\CUDA\v11.2\bin;C:\Program Files\NVIDIA GPU Computing Toolkit\CUDA\v11.2\libnvvp;C:\Program Files (x86)\Common Files\Oracle\Java\javapath;C:\Windows\system32;C:\Windows;C:\Windows\System32\Wbem;C:\Windows\System32\WindowsPowerShell\v1.0\;C:\Windows\System32\OpenSSH\;C:\Program Files (x86)\NVIDIA Corporation\PhysX\Common;C:\Program Files\NVIDIA Corporation\NVIDIA NvDLISR;C:\Program Files\Microsoft SQL Server\130\Tools\Binn\;C:\Program Files\Microsoft SQL Server\Client SDK\ODBC\170\Tools\Binn\;C:\Program Files\dotnet\;C:\Program Files\NVIDIA Corporation\Nsight Compute 2021.2.2\;C:\MinGW\bin;C:\Users\Gioviok\Desktop\ghidra_10.1.2_PUBLIC;C:\Program Files\Git\cmd;C:\Users\Gioviok\.maven\bin;C:\Users\Gioviok\AppData\Local\Programs\Python\Python310\Scripts\;C:\Users\Gioviok\AppData\Local\Programs\Python\Python310\;C:\Users\Gioviok\AppData\Local\Programs\Python\Python39\Scripts\;C:\Users\Gioviok\AppData\Local\Programs\Python\Python39\;C:\Users\Gioviok\AppData\Local\Microsoft\WindowsApps;C:\Program Files\JetBrains\PyCharm Community Edition 2020.3.3\bin;;C:\Users\Gioviok\AppData\Local\GitHubDesktop\bin;C:\Users\Gioviok\.dotnet\tools;C:\Users\Gioviok\AppData\Local\Programs\Microsoft VS Code\bin;."/>
    <property name="java.vm.info" value="mixed mode, sharing"/>
    <property name="java.vendor" value="Oracle Corporation"/>
    <property name="java.vm.version" value="16.0.2+7-67"/>
    <property name="sun.io.unicode.encoding" value="UnicodeLittle"/>
    <property name="java.class.version" value="60.0"/>
  </properties>
  <testcase name="testElevatorLogicSim" classname="com.gioviok.AppTest" time="0.006"/>
  <testcase name="testElevatorLogicMethods" classname="com.gioviok.AppTest" time="0"/>
  <testcase name="testAlreadyAddedAdders" classname="com.gioviok.AppTest" time="0"/>
  <testcase name="testKey" classname="com.gioviok.AppTest" time="0.001"/>
  <testcase name="testElevatorDisembark" classname="com.gioviok.AppTest" time="0.001"/>
  <testcase name="testPersonClone" classname="com.gioviok.AppTest" time="0"/>
  <testcase name="testDefaultCaseGettersAndSetters" classname="com.gioviok.AppTest" time="0"/>
  <testcase name="testPersonGettersAndSetters" classname="com.gioviok.AppTest" time="0.001"/>
  <testcase name="testElevatorSetters" classname="com.gioviok.AppTest" time="0"/>
  <testcase name="testElevatorRun" classname="com.gioviok.AppTest" time="0.001"/>
  <testcase name="testBuildingGetters" classname="com.gioviok.AppTest" time="0"/>
  <testcase name="testRemovers" classname="com.gioviok.AppTest" time="0"/>
  <testcase name="testElevatorBoard" classname="com.gioviok.AppTest" time="0.001"/>
  <testcase name="testPersonConstructors" classname="com.gioviok.AppTest" time="0"/>
  <testcase name="testKeyClone" classname="com.gioviok.AppTest" time="0"/>
  <testcase name="testElevatorRequestHere" classname="com.gioviok.AppTest" time="0.001"/>
  <testcase name="testBuildingSetters" classname="com.gioviok.AppTest" time="0"/>
  <testcase name="testElevatorGetters" classname="com.gioviok.AppTest" time="0"/>
  <testcase name="testPersonElevatorInteractions" classname="com.gioviok.AppTest" time="0.001"/>
  <testcase name="testElevatorConstructors" classname="com.gioviok.AppTest" time="0"/>
  <testcase name="testFloorSetters" classname="com.gioviok.AppTest" time="0.001"/>
  <testcase name="testPersonCatalogMethods" classname="com.gioviok.AppTest" time="0.001"/>
  <testcase name="testFloorClone" classname="com.gioviok.AppTest" time="0"/>
</testsuite>